<?xml version="1.0" encoding="UTF-8"?>
<Site BuildName="(empty)"
	BuildStamp="20241023-1543-Experimental"
	Name="(empty)"
	Generator="ctest-3.29.8"
	CompilerName=""
	CompilerVersion=""
	OSName="Windows"
	Hostname="Jay"
	OSRelease=" Professional"
	OSVersion=" (Build 22631)"
	OSPlatform="AMD64"
	Is64Bits="1"
	VendorString="AuthenticAMD"
	VendorID="Advanced Micro Devices"
	FamilyID="15"
	ModelID="1"
	ProcessorCacheSize="64"
	NumberOfLogicalCPU="12"
	NumberOfPhysicalCPU="6"
	TotalVirtualMemory="38821"
	TotalPhysicalMemory="16293"
	LogicalProcessorsPerPhysical="2"
	ProcessorClockFrequency="4200"
	>
	<Testing>
		<StartDateTime>Oct 23 16:43 GMT Summer Time</StartDateTime>
		<StartTestTime>1729698228</StartTestTime>
		<TestList/>
		<EndDateTime>Oct 23 16:43 GMT Summer Time</EndDateTime>
		<EndTestTime>1729698228</EndTestTime>
		<ElapsedMinutes>0</ElapsedMinutes>
	</Testing>
</Site>
